<?xml version="1.0" encoding="UTF-8"?>
<testsuite name="mytests.AmazonTest" tests="3" skipped="0" failures="0" errors="0" timestamp="2023-05-19T12:03:47" hostname="naveenautomationlabss-MacBook-Pro.local" time="0.591">
  <properties/>
  <testcase name="titleTest" classname="mytests.AmazonTest" time="0.022"/>
  <testcase name="searchExistTest" classname="mytests.AmazonTest" time="0.106"/>
  <testcase name="isHelpExistTest" classname="mytests.AmazonTest" time="0.462"/>
  <system-out><![CDATA[page title:Amazon.com. Spend less. Smile more.
]]></system-out>
  <system-err><![CDATA[]]></system-err>
</testsuite>
