<?xml version="1.0" encoding="UTF-8"?>
<testsuite name="mytests.OpenCartTest" tests="2" skipped="0" failures="0" errors="0" timestamp="2023-05-19T12:03:45" hostname="naveenautomationlabss-MacBook-Pro.local" time="0.115">
  <properties/>
  <testcase name="logoTest" classname="mytests.OpenCartTest" time="0.067"/>
  <testcase name="forgotPwdLinkExistTest" classname="mytests.OpenCartTest" time="0.044"/>
  <system-out><![CDATA[open cart - logo test
open cart - forgot pwd test
]]></system-out>
  <system-err><![CDATA[]]></system-err>
</testsuite>
