<?xml version="1.0" encoding="UTF-8"?>
<testsuite name="mytests.AmazonTest" tests="3" skipped="0" failures="0" errors="0" timestamp="2023-05-20T10:28:15" hostname="naveenautomationlabss-MacBook-Pro.local" time="3.008">
  <properties/>
  <testcase name="titleTest" classname="mytests.AmazonTest" time="0.063"/>
  <testcase name="searchExistTest" classname="mytests.AmazonTest" time="0.03"/>
  <testcase name="isHelpExistTest" classname="mytests.AmazonTest" time="0.34"/>
  <system-out><![CDATA[page title:Amazon.com. Spend less. Smile more.
]]></system-out>
  <system-err><![CDATA[]]></system-err>
</testsuite>
