<?xml version="1.0" encoding="UTF-8"?>
<!-- Generated by org.testng.reporters.JUnitReportReporter -->
<testsuite hostname="naveenautomationlabss-MacBook-Pro.local" failures="0" tests="2" name="mytests.OpenCartTest" time="1.750" errors="0" timestamp="2023-05-20T16:37:39 IST" skipped="0">
  <testcase classname="mytests.OpenCartTest" name="logoTest" time="0.637"/>
  <testcase classname="mytests.OpenCartTest" name="forgotPwdLinkExistTest" time="1.113"/>
</testsuite> <!-- mytests.OpenCartTest -->
