<?xml version="1.0" encoding="UTF-8"?>
<!-- Generated by org.testng.reporters.JUnitReportReporter -->
<testsuite hostname="naveenautomationlabss-MacBook-Pro.local" failures="0" tests="3" name="mytests.AmazonTest" time="3.612" errors="0" timestamp="2023-05-20T15:58:19 IST" skipped="0">
  <testcase classname="mytests.AmazonTest" name="titleTest" time="0.636"/>
  <testcase classname="mytests.AmazonTest" name="searchExistTest" time="0.635"/>
  <testcase classname="mytests.AmazonTest" name="isHelpExistTest" time="2.341"/>
</testsuite> <!-- mytests.AmazonTest -->
