<?xml version="1.0" encoding="UTF-8"?>
<!-- Generated by org.testng.reporters.JUnitReportReporter -->
<testsuite hostname="naveenautomationlabss-MacBook-Pro.local" failures="0" tests="3" name="mytests.AmazonTest" time="0.590" errors="0" timestamp="2023-05-19T17:33:48 IST" skipped="0">
  <testcase classname="mytests.AmazonTest" name="titleTest" time="0.022"/>
  <testcase classname="mytests.AmazonTest" name="searchExistTest" time="0.106"/>
  <testcase classname="mytests.AmazonTest" name="isHelpExistTest" time="0.462"/>
</testsuite> <!-- mytests.AmazonTest -->
