<?xml version="1.0" encoding="UTF-8"?>
<!-- Generated by org.testng.reporters.JUnitReportReporter -->
<testsuite hostname="naveenautomationlabss-MacBook-Pro.local" failures="0" tests="2" name="mytests.GoogleTest" time="2.339" errors="0" timestamp="2023-05-20T16:37:39 IST" skipped="0">
  <testcase classname="mytests.GoogleTest" name="titleTest" time="1.738"/>
  <testcase classname="mytests.GoogleTest" name="isSearchExist" time="0.601"/>
</testsuite> <!-- mytests.GoogleTest -->
