<?xml version="1.0" encoding="UTF-8"?>
<!-- Generated by org.testng.reporters.JUnitReportReporter -->
<testsuite hostname="naveenautomationlabss-MacBook-Pro.local" failures="0" tests="3" name="mytests.AmazonTest" time="3.047" errors="0" timestamp="2023-05-20T16:30:42 IST" skipped="0">
  <testcase classname="mytests.AmazonTest" name="titleTest" time="0.791"/>
  <testcase classname="mytests.AmazonTest" name="searchExistTest" time="0.548"/>
  <testcase classname="mytests.AmazonTest" name="isHelpExistTest" time="1.708"/>
</testsuite> <!-- mytests.AmazonTest -->
